<?xml version="1.0" encoding="UTF-8"?>
<!-- Generated by org.testng.reporters.JUnitXMLReporter -->
<testsuite ignored="0" hostname="SV-PC" failures="1" tests="5" name="Default test" time="27.341" errors="0" timestamp="2023-12-31T11:11:31 IST">
  <testcase classname="io.cucumber.testng.AbstractTestNGCucumberTests" name="runScenario" time="16.826">
    <failure type="org.assertj.core.api.SoftAssertionError" message="
The following assertion failed:
1) expected:&amp;lt;&amp;quot;[Attribute should be added successfully. ]&amp;quot;&amp;gt; but was:&amp;lt;&amp;quot;[Something went wrong while adding attribute to &amp;apos;x&amp;apos; or &amp;apos;y&amp;apos; Axix boxes to generate the chart.]&amp;quot;&amp;gt;
">
      <![CDATA[org.assertj.core.api.SoftAssertionError: 
The following assertion failed:
1) expected:<"[Attribute should be added successfully. ]"> but was:<"[Something went wrong while adding attribute to 'x' or 'y' Axix boxes to generate the chart.]">

at org.assertj.core.error.AssertionErrorCreator.multipleSoftAssertionsError(AssertionErrorCreator.java:100)
at org.assertj.core.api.AbstractSoftAssertions.assertAll(AbstractSoftAssertions.java:37)
at org.assertj.core.api.AbstractSoftAssertions.assertAll(AbstractSoftAssertions.java:42)
at com.test.qa.pages.IntelligencePage.generateRelationshipChart(IntelligencePage.java:330)
at stepDefinition.IntelligenceNodeStepDefinition.user_drags_and_to_x_and_y_axis_then_click_on_apply_filter_buttton_and_then_clicks_on_any_generated_cell(IntelligenceNodeStepDefinition.java:86)
at âœ½.User drags "Website" and "Category" to X and Y axis then click on Apply Filter buttton and then clicks on any generated cell(file:///D:/Sujeet%20Data/Web%20Automation/AssementIntellengceNode/src/test/resources/Features/Case1_CheckAndCompare.feature:33)
]]>
    </failure>
  </testcase> <!-- runScenario -->
  <testcase classname="io.cucumber.testng.AbstractTestNGCucumberTests" name="runScenario" time="18.763"/>
  <testcase classname="io.cucumber.testng.AbstractTestNGCucumberTests" name="runScenario" time="19.745"/>
  <testcase classname="io.cucumber.testng.AbstractTestNGCucumberTests" name="runScenario" time="25.528"/>
  <testcase classname="io.cucumber.testng.AbstractTestNGCucumberTests" name="runScenario" time="26.34"/>
</testsuite> <!-- Default test -->
